[2023-08-10 01:07:27] [ INFO ] [OdontologoDaoH2:81] Listado de los odontólogos :[Odontologo{id=1, matricula=456789, nombre='Marisel', apellido='Chavez'}, Odontologo{id=2, matricula=678904, nombre='Juan', apellido='Bravo'}, Odontologo{id=3, matricula=90876, nombre='Denis', apellido='Bilicki'}]
[2023-08-10 01:18:55] [ ERROR] [OdontologoDaoH2:42] Tabla "ODONTOLOS" no encontrada
Table "ODONTOLOS" not found; SQL statement:
INSERT INTO ODONTOLOS (MATRICULA , NOMBRE, APELLIDO) VALUE (? , ?, ?)  [42102-220]
[2023-08-10 01:18:56] [ INFO ] [OdontologoDaoH2:81] Listado de los odontólogos :[Odontologo{id=1, matricula=456789, nombre='Marisel', apellido='Chavez'}, Odontologo{id=2, matricula=678904, nombre='Juan', apellido='Bravo'}, Odontologo{id=3, matricula=90876, nombre='Denis', apellido='Bilicki'}]
[2023-08-10 01:21:16] [ ERROR] [OdontologoDaoH2:42] Error de Sintaxis en sentencia SQL "INSERT INTO ODONTOLOGOS (MATRICULA , NOMBRE, APELLIDO) [*]VALUE (? , ?, ?) "; se esperaba "OVERRIDING USER VALUE, OVERRIDING SYSTEM VALUE, DIRECT, SORTED, DEFAULT VALUES, VALUES, SET, WITH, (, SELECT, TABLE, VALUES"
Syntax error in SQL statement "INSERT INTO ODONTOLOGOS (MATRICULA , NOMBRE, APELLIDO) [*]VALUE (? , ?, ?) "; expected "OVERRIDING USER VALUE, OVERRIDING SYSTEM VALUE, DIRECT, SORTED, DEFAULT VALUES, VALUES, SET, WITH, (, SELECT, TABLE, VALUES"; SQL statement:
INSERT INTO ODONTOLOGOS (MATRICULA , NOMBRE, APELLIDO) VALUE (? , ?, ?)  [42001-220]
[2023-08-10 01:21:16] [ INFO ] [OdontologoDaoH2:81] Listado de los odontólogos :[Odontologo{id=1, matricula=456789, nombre='Marisel', apellido='Chavez'}, Odontologo{id=2, matricula=678904, nombre='Juan', apellido='Bravo'}, Odontologo{id=3, matricula=90876, nombre='Denis', apellido='Bilicki'}]
[2023-08-10 01:21:43] [ INFO ] [OdontologoDaoH2:39] Odontólogo registrado con éxito : Odontologo{id=4, matricula=34562, nombre='Gala', apellido='Chavez'}
[2023-08-10 01:21:43] [ INFO ] [OdontologoDaoH2:81] Listado de los odontólogos :[Odontologo{id=1, matricula=456789, nombre='Marisel', apellido='Chavez'}, Odontologo{id=2, matricula=678904, nombre='Juan', apellido='Bravo'}, Odontologo{id=3, matricula=90876, nombre='Denis', apellido='Bilicki'}, Odontologo{id=4, matricula=34562, nombre='Gala', apellido='Chavez'}]
[2023-08-10 11:33:09] [ INFO ] [OdontologoDaoH2:81] Listado de los odontólogos :[
 ID : 1 * Odontólogo: Chavez,Marisel  * Matrícula: 456789., 
 ID : 2 * Odontólogo: Bravo,Juan  * Matrícula: 678904., 
 ID : 3 * Odontólogo: Bilicki,Denis  * Matrícula: 90876., 
 ID : 4 * Odontólogo: Chavez,Gala  * Matrícula: 34562.]
[2023-08-10 11:33:09] [ INFO ] [OdontologoDaoH2:39] Odontólogo registrado con éxito : 
 ID : 5 * Odontólogo: Chavez,Gala  * Matrícula: 34562.
[2023-08-10 11:33:09] [ INFO ] [OdontologoDaoH2:81] Listado de los odontólogos :[
 ID : 1 * Odontólogo: Chavez,Marisel  * Matrícula: 456789., 
 ID : 2 * Odontólogo: Bravo,Juan  * Matrícula: 678904., 
 ID : 3 * Odontólogo: Bilicki,Denis  * Matrícula: 90876., 
 ID : 4 * Odontólogo: Chavez,Gala  * Matrícula: 34562., 
 ID : 5 * Odontólogo: Chavez,Gala  * Matrícula: 34562.]
[2023-08-10 11:33:56] [ INFO ] [OdontologoDaoH2:81] Listado de los odontólogos :[
 ID : 1 -Odontólogo: Chavez,Marisel  -Matrícula: 456789., 
 ID : 2 -Odontólogo: Bravo,Juan  -Matrícula: 678904., 
 ID : 3 -Odontólogo: Bilicki,Denis  -Matrícula: 90876., 
 ID : 4 -Odontólogo: Chavez,Gala  -Matrícula: 34562., 
 ID : 5 -Odontólogo: Chavez,Gala  -Matrícula: 34562.]
[2023-08-10 11:35:15] [ INFO ] [OdontologoDaoH2:39] Odontólogo registrado con éxito : 
 ID : 6 -Odontólogo: Chavez,Gala  -Matrícula: 34562.
[2023-08-10 11:35:15] [ INFO ] [OdontologoDaoH2:81] Listado de los odontólogos :[
 ID : 1 -Odontólogo: Chavez,Marisel  -Matrícula: 456789., 
 ID : 2 -Odontólogo: Bravo,Juan  -Matrícula: 678904., 
 ID : 3 -Odontólogo: Bilicki,Denis  -Matrícula: 90876., 
 ID : 4 -Odontólogo: Chavez,Gala  -Matrícula: 34562., 
 ID : 5 -Odontólogo: Chavez,Gala  -Matrícula: 34562., 
 ID : 6 -Odontólogo: Chavez,Gala  -Matrícula: 34562.]
[2023-08-10 11:37:52] [ INFO ] [OdontologoDaoH2:81] Listado de los odontólogos :[
 ID : 1 -Odontólogo: Chavez,Marisel  -Matrícula: 456789., 
 ID : 2 -Odontólogo: Bravo,Juan  -Matrícula: 678904., 
 ID : 3 -Odontólogo: Bilicki,Denis  -Matrícula: 90876., 
 ID : 4 -Odontólogo: Chavez,Gala  -Matrícula: 34562., 
 ID : 5 -Odontólogo: Chavez,Gala  -Matrícula: 34562., 
 ID : 6 -Odontólogo: Chavez,Gala  -Matrícula: 34562.]
[2023-08-10 11:37:52] [ INFO ] [OdontologoDaoH2:39] Odontólogo registrado con éxito : 
 ID : 7 -Odontólogo: Chavez,Gala  -Matrícula: 34562.
[2023-08-10 11:37:52] [ INFO ] [OdontologoDaoH2:81] Listado de los odontólogos :[
 ID : 1 -Odontólogo: Chavez,Marisel  -Matrícula: 456789., 
 ID : 2 -Odontólogo: Bravo,Juan  -Matrícula: 678904., 
 ID : 3 -Odontólogo: Bilicki,Denis  -Matrícula: 90876., 
 ID : 4 -Odontólogo: Chavez,Gala  -Matrícula: 34562., 
 ID : 5 -Odontólogo: Chavez,Gala  -Matrícula: 34562., 
 ID : 6 -Odontólogo: Chavez,Gala  -Matrícula: 34562., 
 ID : 7 -Odontólogo: Chavez,Gala  -Matrícula: 34562.]
[2023-08-11 11:54:42] [ INFO ] [OdontologoDaoH2:82] Listado de los odontólogos :[
 ID : 1 -Odontólogo: Chavez,Marisel  -Matrícula: 456789., 
 ID : 2 -Odontólogo: Bravo,Juan  -Matrícula: 678904., 
 ID : 3 -Odontólogo: Bilicki,Denis  -Matrícula: 90876.]
[2023-08-11 11:54:42] [ INFO ] [OdontologoDaoH2:39] Odontólogo registrado con éxito : 
 ID : 4 -Odontólogo: Chavez,Gala  -Matrícula: 34562.
[2023-08-11 11:54:42] [ INFO ] [OdontologoDaoH2:82] Listado de los odontólogos :[
 ID : 1 -Odontólogo: Chavez,Marisel  -Matrícula: 456789., 
 ID : 2 -Odontólogo: Bravo,Juan  -Matrícula: 678904., 
 ID : 3 -Odontólogo: Bilicki,Denis  -Matrícula: 90876., 
 ID : 4 -Odontólogo: Chavez,Gala  -Matrícula: 34562.]
